<?xml version="1.0" encoding="UTF-8"?>
<!-- Generated by org.testng.reporters.JUnitReportReporter -->
<testsuite skipped="0" hostname="ANKUMALV-YK76Y" name="LoginPage" tests="2" failures="0" timestamp="2020-07-18T22:49:04 IST" time="12.743" errors="0">
  <testcase name="enterText" time="6.953" classname="LoginPage"/>
  <testcase name="login" time="5.790" classname="LoginPage"/>
</testsuite> <!-- LoginPage -->
