<?xml version="1.0" encoding="UTF-8"?>
<!-- Generated by org.testng.reporters.JUnitReportReporter -->
<testsuite skipped="0" hostname="ANKUMALV-YK76Y" name="testOne.LoginPage" tests="2" failures="0" timestamp="2020-07-19T00:11:29 IST" time="12.156" errors="0">
  <testcase name="enterText" time="6.556" classname="testOne.LoginPage"/>
  <testcase name="login" time="5.600" classname="testOne.LoginPage"/>
</testsuite> <!-- testOne.LoginPage -->
